Arguments: 
  /Users/lupuselit/.nvm/versions/node/v10.13.0/bin/node /usr/local/Cellar/yarn/1.16.0/libexec/bin/yarn.js add cors

PATH: 
  /Users/lupuselit/.nvm/versions/node/v10.13.0/bin:/usr/local/bin:/usr/bin:/bin:/usr/sbin:/sbin:/opt/X11/bin:/Users/lupuselit/.nvm/versions/node/v10.13.0/bin

Yarn version: 
  1.16.0

Node version: 
  10.13.0

Platform: 
  darwin x64

Trace: 
  Error: EACCES: permission denied, mkdir '/Users/lupuselit/workspace/freelance/ethics-eth-back-end/node_modules/anymatch/node_modules'

npm manifest: 
  {
    "name": "ethics-eth-back-end",
    "version": "1.0.0",
    "description": "ethics eth backend ",
    "main": "app.js",
    "scripts": {
      "start": "node_modules/.bin/nodemon src/app.js --exec babel-node --"
    },
    "repository": {
      "type": "git",
      "url": "git+https://github.com/lupuselit/ethics-eth-back-end.git"
    },
    "author": "Emerson Lopes",
    "license": "ISC",
    "bugs": {
      "url": "https://github.com/lupuselit/ethics-eth-back-end/issues"
    },
    "homepage": "https://github.com/lupuselit/ethics-eth-back-end#readme",
    "dependencies": {
      "babel-cli": "^6.26.0",
      "babel-preset-es2015": "^6.24.1",
      "bcryptjs": "^2.4.3",
      "body-parser": "^1.19.0",
      "express": "^4.17.1",
      "jsonwebtoken": "^8.5.1",
      "mongoose": "^5.6.7"
    },
    "devDependencies": {
      "nodemon": "^1.19.1"
    }
  }

yarn manifest: 
  No manifest

Lockfile: 
  No lockfile
